Build started 3/12/2015 11:33:43 PM.
     1>Project "C:\Users\Dhruvin\Documents\Visual Studio 2013\Projects\Red Object Detection\Red Object Detection\test1\test1.vcxproj" on node 2 (Build target(s)).
     1>Link:
         C:\Program Files (x86)\Microsoft Visual Studio 12.0\VC\bin\link.exe /ERRORREPORT:PROMPT /OUT:"C:\Users\Dhruvin\Documents\Visual Studio 2013\Projects\Red Object Detection\Red Object Detection\Debug\test1.exe" /INCREMENTAL /NOLOGO /LIBPATH:C:\opencv\build\x86\vc12\lib /LIBPATH:C:\opencv\build\x86\vc12\lib opencv_calib3d2411.lib opencv_contrib2411.lib opencv_core2411.lib opencv_features2d2411.lib opencv_flann2411.lib opencv_gpu2411.lib opencv_highgui2411.lib opencv_imgproc2411.lib opencv_legacy2411.lib opencv_ml2411.lib opencv_nonfree2411.lib opencv_objdetect2411.lib opencv_ocl2411.lib opencv_photo2411.lib opencv_stitching2411.lib opencv_superres2411.lib opencv_ts2411.lib opencv_video2411.lib opencv_calib3d2411.lib opencv_contrib2411.lib opencv_core2411.lib opencv_features2d2411.lib opencv_flann2411.lib opencv_gpu2411.lib opencv_highgui2411.lib opencv_imgproc2411.lib opencv_legacy2411.lib opencv_ml2411.lib opencv_nonfree2411.lib opencv_objdetect2411.lib opencv_ocl2411.lib opencv_photo2411.lib opencv_stitching2411.lib opencv_superres2411.lib opencv_ts2411.lib opencv_video2411.lib kernel32.lib user32.lib gdi32.lib winspool.lib comdlg32.lib advapi32.lib shell32.lib ole32.lib oleaut32.lib uuid.lib odbc32.lib odbccp32.lib /MANIFEST /MANIFESTUAC:"level='asInvoker' uiAccess='false'" /manifest:embed /DEBUG /PDB:"C:\Users\Dhruvin\Documents\Visual Studio 2013\Projects\Red Object Detection\Red Object Detection\Debug\test1.pdb" /SUBSYSTEM:CONSOLE /TLBID:1 /DYNAMICBASE /NXCOMPAT /IMPLIB:"C:\Users\Dhruvin\Documents\Visual Studio 2013\Projects\Red Object Detection\Red Object Detection\Debug\test1.lib" /MACHINE:X86 Debug\stdafx.obj
         Debug\test1.obj
     1>LINK : fatal error LNK1104: cannot open file 'kernel32.lib'
     1>Done Building Project "C:\Users\Dhruvin\Documents\Visual Studio 2013\Projects\Red Object Detection\Red Object Detection\test1\test1.vcxproj" (Build target(s)) -- FAILED.

Build FAILED.

Time Elapsed 00:00:02.19
